<?xml version="1.0" encoding="UTF-8"?>
<!-- Generated by org.testng.reporters.JUnitReportReporter -->
<testsuite hostname="DESKTOP-L4S2AS9" failures="0" tests="18" name="mikaels.frank.AdwordsCampaignCreation" time="127.393" errors="0" timestamp="26 Sep 2018 10:32:59 GMT" skipped="0">
  <testcase classname="mikaels.frank.AdwordsCampaignCreation" name="Test04_Click_Create_Campaign" time="5.245"/>
  <testcase classname="mikaels.frank.AdwordsCampaignCreation" name="Test13_Click_Create_Adwords_Ad" time="1.111"/>
  <testcase classname="mikaels.frank.AdwordsCampaignCreation" name="Test03_Verify_Signin" time="0.123"/>
  <testcase classname="mikaels.frank.AdwordsCampaignCreation" name="Test14_Fill_Fb_Ad_Form" time="3.455"/>
  <testcase classname="mikaels.frank.AdwordsCampaignCreation" name="Test09_Select_Target_Language_Speakers" time="1.117"/>
  <testcase classname="mikaels.frank.AdwordsCampaignCreation" name="Test17_Select_End_Date" time="18.353"/>
  <testcase classname="mikaels.frank.AdwordsCampaignCreation" name="Test08_Select_Age_Group" time="7.443"/>
  <testcase classname="mikaels.frank.AdwordsCampaignCreation" name="Test15_Upload_Banners" time="8.642"/>
  <testcase classname="mikaels.frank.AdwordsCampaignCreation" name="Test16_Click_Continue_To_Billing" time="5.116"/>
  <testcase classname="mikaels.frank.AdwordsCampaignCreation" name="Test12_Click_Save_And_Continue2" time="5.164"/>
  <testcase classname="mikaels.frank.AdwordsCampaignCreation" name="Test07_Click_Save_And_Continue" time="2.216"/>
  <testcase classname="mikaels.frank.AdwordsCampaignCreation" name="Test06_Select_Location" time="5.953"/>
  <testcase classname="mikaels.frank.AdwordsCampaignCreation" name="Test18_Create_Campaign_And_Verify" time="1.123"/>
  <testcase classname="mikaels.frank.AdwordsCampaignCreation" name="Test10_Select_Specific_Interest" time="11.892"/>
  <testcase classname="mikaels.frank.AdwordsCampaignCreation" name="Test05_Campaign_Setup_Step" time="27.283"/>
  <testcase classname="mikaels.frank.AdwordsCampaignCreation" name="Test11_Upload_1000_Contacts_txt_or_csv" time="11.465"/>
  <testcase classname="mikaels.frank.AdwordsCampaignCreation" name="Test01_Verify_Frank_Title" time="0.039"/>
  <testcase classname="mikaels.frank.AdwordsCampaignCreation" name="Test02_Perform_Signin" time="11.653"/>
</testsuite> <!-- mikaels.frank.AdwordsCampaignCreation -->
